TN:
SF:D:\workspace\git\wdir\testPipeline\output\prebuild\main.p.c
FN:4381,Error_Handler
#FN:4387
FN:4364,HAL_TIM_PeriodElapsedCallback
#FN:4375
FN:1048,ITM_CheckChar
#FN:1059
FN:1035,ITM_ReceiveChar
#FN:1046
FN:1021,ITM_SendChar
#FN:1033
FN:4298,MX_GPIO_Init
#FN:4324
FN:4270,MX_USART2_UART_Init
#FN:4291
FN:943,NVIC_DecodePriority
#FN:954
FN:928,NVIC_EncodePriority
#FN:941
FN:988,SCB_GetFPUType
#FN:1001
FN:4327,StartComUSBTask
#FN:4339
FN:4341,StartDefaultTask
#FN:4350
FN:4352,StartTask02
#FN:4362
FN:1003,SysTick_Config
#FN:1017
FN:4233,SystemClock_Config
#FN:4263
FN:476,__DMB
#FN:479
FN:465,__DSB
#FN:468
FN:454,__ISB
#FN:457
FN:883,__NVIC_ClearPendingIRQ
#FN:889
FN:853,__NVIC_DisableIRQ
#FN:861
FN:833,__NVIC_EnableIRQ
#FN:839
FN:891,__NVIC_GetActive
#FN:901
FN:841,__NVIC_GetEnableIRQ
#FN:851
FN:863,__NVIC_GetPendingIRQ
#FN:873
FN:915,__NVIC_GetPriority
#FN:926
FN:828,__NVIC_GetPriorityGrouping
#FN:831
FN:962,__NVIC_GetVector
#FN:966
FN:875,__NVIC_SetPendingIRQ
#FN:881
FN:903,__NVIC_SetPriority
#FN:913
FN:809,__NVIC_SetPriorityGrouping
#FN:820
FN:956,__NVIC_SetVector
#FN:960
FN:973,__NVIC_SystemReset
#FN:986
FN:523,__RBIT
#FN:544
FN:481,__REV
#FN:491
FN:493,__REV16
#FN:499
FN:501,__REVSH
#FN:511
FN:513,__ROR
#FN:521
FN:546,__SSAT
#FN:562
FN:564,__USAT
#FN:579
FN:329,__disable_irq
#FN:332
FN:318,__enable_irq
#FN:321
FN:367,__get_APSR
#FN:373
FN:340,__get_CONTROL
#FN:346
FN:434,__get_FPSCR
#FN:439
FN:353,__get_IPSR
#FN:359
FN:408,__get_MSP
#FN:414
FN:421,__get_PRIMASK
#FN:427
FN:395,__get_PSP
#FN:401
FN:381,__get_xPSR
#FN:387
FN:348,__set_CONTROL
#FN:351
FN:447,__set_FPSCR
#FN:452
FN:416,__set_MSP
#FN:419
FN:429,__set_PRIMASK
#FN:432
FN:403,__set_PSP
#FN:406
FN:4165,main
#FN:4227
FN:3824,ulPortRaiseBASEPRI
#FN:3841
FN:3808,vPortRaiseBASEPRI
#FN:3820
FN:3844,vPortSetBASEPRI
#FN:3850
FN:3786,xPortIsInsideInterrupt
#FN:3804
FNDA:1,main
FNDA:1,SystemClock_Config
FNDA:4,Error_Handler
FNDA:1,MX_GPIO_Init
FNDA:1,MX_USART2_UART_Init
DA:320,0
DA:331,0
DA:342,0
DA:344,0
DA:345,0
DA:350,0
DA:355,0
DA:357,0
DA:358,0
DA:369,0
DA:371,0
DA:372,0
DA:383,0
DA:385,0
DA:386,0
DA:397,0
DA:399,0
DA:400,0
DA:405,0
DA:410,0
DA:412,0
DA:413,0
DA:418,0
DA:423,0
DA:425,0
DA:426,0
DA:431,0
DA:437,0
DA:450,0
DA:859,0
DA:456,0
DA:858,0
DA:975,0
DA:980,0
DA:467,0
DA:478,0
DA:484,0
DA:495,0
DA:497,0
DA:498,0
DA:504,0
DA:515,0
DA:516,0
DA:520,0
DA:518,0
DA:525,0
DA:532,0
DA:534,0
DA:535,0
DA:536,0
DA:537,0
DA:538,0
DA:539,0
DA:540,0
DA:541,0
DA:543,0
DA:548,0
DA:561,0
DA:550,0
DA:551,0
DA:552,0
DA:554,0
DA:556,0
DA:558,0
DA:566,0
DA:578,0
DA:568,0
DA:569,0
DA:571,0
DA:573,0
DA:575,0
DA:811,0
DA:812,0
DA:814,0
DA:815,0
DA:816,0
DA:817,0
DA:818,0
DA:819,0
DA:830,0
DA:835,0
DA:837,0
DA:843,0
DA:845,0
DA:849,0
DA:855,0
DA:857,0
DA:865,0
DA:867,0
DA:871,0
DA:877,0
DA:879,0
DA:885,0
DA:887,0
DA:893,0
DA:895,0
DA:899,0
DA:1011,0
DA:905,0
DA:907,0
DA:911,0
DA:918,0
DA:920,0
DA:924,0
DA:930,0
DA:931,0
DA:932,0
DA:934,0
DA:935,0
DA:937,0
DA:938,0
DA:939,0
DA:940,0
DA:945,0
DA:946,0
DA:947,0
DA:949,0
DA:950,0
DA:952,0
DA:953,0
DA:958,0
DA:959,0
DA:964,0
DA:965,0
DA:977,0
DA:978,0
DA:979,0
DA:982,0
DA:983,0
DA:984,0
DA:985,0
DA:990,0
DA:992,0
DA:993,0
DA:995,0
DA:999,0
DA:1005,0
DA:1010,0
DA:1007,0
DA:1012,0
DA:1013,0
DA:1014,0
DA:1015,0
DA:1016,0
DA:1023,0
DA:1032,0
DA:1026,0
DA:1024,0
DA:1028,0
DA:1030,0
DA:1037,0
DA:1039,0
DA:1045,0
DA:1041,0
DA:1042,0
DA:1051,0
DA:1053,0
DA:1057,0
DA:3788,0
DA:3789,0
DA:3792,0
DA:3794,0
DA:3803,0
DA:3796,0
DA:3800,0
DA:3810,0
DA:3812,0
DA:3813,0
DA:3814,0
DA:3815,0
DA:3816,0
DA:3817,0
DA:3818,0
DA:3819,0
DA:3826,0
DA:3828,0
DA:3829,0
DA:3830,0
DA:3831,0
DA:3832,0
DA:3833,0
DA:3834,0
DA:3835,0
DA:3836,0
DA:3840,0
DA:3846,0
DA:3847,0
DA:3848,0
DA:3849,0
DA:4168,1
DA:4175,2
DA:4182,2
DA:4183,2
DA:4188,1
DA:4190,1
DA:4191,1
DA:4192,1
DA:4193,1
DA:4194,1
DA:4197,1
DA:4198,1
DA:4199,1
DA:4200,1
DA:4201,1
DA:4205,1
DA:4206,1
DA:4207,1
DA:4208,1
DA:4209,1
DA:4214,1
DA:4220,2
DA:4235,1
DA:4236,1
DA:4240,1
DA:4241,1
DA:4242,1
DA:4243,1
DA:4244,1
DA:4245,1
DA:4246,4
DA:4247,2
DA:4248,4
DA:4249,2
DA:4252,1
DA:4253,1
DA:4254,1
DA:4255,1
DA:4256,1
DA:4257,1
DA:4259,4
DA:4260,2
DA:4261,6
DA:4262,2
DA:4273,1
DA:4274,1
DA:4275,1
DA:4276,1
DA:4277,1
DA:4278,1
DA:4279,1
DA:4280,1
DA:4281,1
DA:4282,1
DA:4283,4
DA:4284,2
DA:4285,4
DA:4286,2
DA:4300,1
DA:4303,6
DA:4304,6
DA:4305,6
DA:4306,6
DA:4309,1
DA:4312,1
DA:4313,1
DA:4314,1
DA:4315,1
DA:4318,1
DA:4319,1
DA:4320,1
DA:4321,1
DA:4322,1
DA:4334,0
DA:4335,0
DA:4336,0
DA:4337,0
DA:4338,0
DA:4345,0
DA:4346,0
DA:4347,0
DA:4348,0
DA:4356,0
DA:4357,0
DA:4358,0
DA:4359,0
DA:4360,0
DA:4369,0
DA:4370,0
DA:20,2
DA:21,2
DA:22,2
DA:23,2
DA:24,2
DA:25,2
DA:26,2
DA:27,2
DA:28,2
DA:29,2
DA:30,2
DA:31,2
DA:32,2
DA:33,2
DA:34,2
DA:35,2
DA:36,2
DA:37,2
DA:38,2
DA:39,2
DA:40,2
DA:41,2
DA:42,2
DA:43,2
DA:44,2
DA:45,2
DA:46,2
DA:47,2
DA:48,2
DA:49,2
DA:50,2
DA:51,2
DA:52,2
DA:53,2
DA:54,2
DA:55,2
DA:56,2
DA:57,2
DA:58,2
DA:59,2
DA:60,2
DA:61,2
DA:62,2
DA:63,2
DA:64,2
DA:65,2
DA:66,2
DA:67,2
DA:68,2
DA:69,2
DA:70,2
DA:71,2
DA:72,2
DA:73,2
DA:74,2
DA:75,2
DA:76,2
DA:77,2
DA:78,2
DA:79,2
DA:80,2
DA:81,2
DA:82,2
DA:83,2
DA:111,1
DA:113,1
DA:115,1
DA:117,1
DA:119,1
DA:121,1
DA:123,1
DA:125,1
DA:127,1
DA:129,1
DA:131,1
DA:133,1
DA:135,1
DA:137,1
DA:139,1
DA:141,1
DA:143,1
DA:145,1
DA:167,1
DA:171,1
DA:179,1
DA:183,1
DA:191,1
DA:195,1
DA:203,1
DA:207,1
DA:214,1
DA:219,1
DA:227,1
DA:228,1
DA:233,1
DA:234,1
DA:239,1
DA:240,1
DA:245,1
DA:246,1
DA:248,1
DA:249,1
DA:251,1
DA:252,1
DA:254,1
DA:255,1
DA:257,1
DA:258,1
DA:260,1
DA:262,1
DA:283,1
DA:291,1
DA:299,1
DA:307,1
DA:315,1
DA:587,3
DA:588,3
DA:589,3
DA:590,3
DA:591,3
DA:592,3
DA:593,3
DA:594,3
DA:595,3
DA:596,3
DA:597,3
DA:585,2
DA:586,2
DA:598,2
DA:599,2
DA:603,3
DA:604,3
DA:605,3
DA:606,3
DA:607,3
DA:601,2
DA:602,2
DA:608,2
DA:609,2
DA:613,3
DA:614,3
DA:615,3
DA:616,3
DA:617,3
DA:618,3
DA:619,3
DA:620,3
DA:621,3
DA:622,3
DA:623,3
DA:624,3
DA:625,3
DA:626,3
DA:627,3
DA:611,2
DA:612,2
DA:628,2
DA:629,2
DA:633,3
DA:634,3
DA:635,3
DA:636,3
DA:637,3
DA:638,3
DA:639,3
DA:631,2
DA:632,2
DA:640,2
DA:641,2
DA:643,2
DA:644,2
DA:645,2
DA:646,2
DA:647,2
DA:648,2
DA:649,2
DA:650,2
DA:651,2
DA:652,2
DA:653,2
DA:654,2
DA:655,2
DA:656,2
DA:657,2
DA:658,2
DA:660,2
DA:661,2
DA:662,2
DA:663,2
DA:664,2
DA:665,2
DA:666,2
DA:667,2
DA:668,2
DA:669,2
DA:670,2
DA:671,2
DA:672,2
DA:673,2
DA:674,2
DA:675,2
DA:676,2
DA:677,2
DA:678,2
DA:679,2
DA:680,2
DA:681,2
DA:682,2
DA:683,2
DA:685,2
DA:686,2
DA:687,2
DA:688,2
DA:689,2
DA:690,2
DA:692,2
DA:693,2
DA:694,2
DA:695,2
DA:696,2
DA:697,2
DA:698,2
DA:702,3
DA:703,3
DA:704,3
DA:705,3
DA:706,3
DA:707,3
DA:700,2
DA:701,2
DA:708,2
DA:709,2
DA:710,2
DA:711,2
DA:712,2
DA:713,2
DA:714,2
DA:715,2
DA:716,2
DA:717,2
DA:718,2
DA:719,2
DA:720,2
DA:721,2
DA:722,2
DA:723,2
DA:724,2
DA:725,2
DA:726,2
DA:727,2
DA:728,2
DA:729,2
DA:730,2
DA:731,2
DA:732,2
DA:733,2
DA:734,2
DA:736,2
DA:737,2
DA:738,2
DA:739,2
DA:740,2
DA:741,2
DA:742,2
DA:743,2
DA:744,2
DA:745,2
DA:746,2
DA:747,2
DA:748,2
DA:749,2
DA:750,2
DA:751,2
DA:752,2
DA:753,2
DA:754,2
DA:755,2
DA:756,2
DA:757,2
DA:758,2
DA:759,2
DA:760,2
DA:761,2
DA:763,2
DA:764,2
DA:765,2
DA:766,2
DA:767,2
DA:768,2
DA:769,2
DA:770,2
DA:771,2
DA:772,2
DA:773,2
DA:774,2
DA:775,2
DA:776,2
DA:777,2
DA:778,2
DA:779,2
DA:780,2
DA:781,2
DA:782,2
DA:783,2
DA:784,2
DA:785,2
DA:786,2
DA:787,2
DA:788,2
DA:789,2
DA:791,2
DA:792,2
DA:793,2
DA:794,2
DA:795,2
DA:796,2
DA:797,2
DA:798,2
DA:799,2
DA:801,2
DA:802,2
DA:803,2
DA:804,2
DA:805,2
DA:806,2
DA:807,2
DA:1019,1
DA:1063,1
DA:1064,1
DA:1065,1
DA:1071,2
DA:1072,2
DA:1073,2
DA:1074,2
DA:1075,2
DA:1076,2
DA:1077,2
DA:1078,2
DA:1079,2
DA:1080,2
DA:1081,2
DA:1082,2
DA:1083,2
DA:1084,2
DA:1085,2
DA:1086,2
DA:1087,2
DA:1088,2
DA:1089,2
DA:1090,2
DA:1091,2
DA:1092,2
DA:1093,2
DA:1094,2
DA:1095,2
DA:1096,2
DA:1097,2
DA:1098,2
DA:1099,2
DA:1100,2
DA:1101,2
DA:1102,2
DA:1103,2
DA:1104,2
DA:1105,2
DA:1106,2
DA:1107,2
DA:1108,2
DA:1109,2
DA:1110,2
DA:1111,2
DA:1113,2
DA:1114,2
DA:1115,2
DA:1116,2
DA:1117,2
DA:1118,2
DA:1119,2
DA:1120,2
DA:1125,2
DA:1126,2
DA:1127,2
DA:1128,2
DA:1129,2
DA:1130,2
DA:1131,2
DA:1136,2
DA:1137,2
DA:1138,2
DA:1139,2
DA:1140,2
DA:1141,2
DA:1142,2
DA:1147,2
DA:1148,2
DA:1149,2
DA:1150,2
DA:1151,2
DA:1156,2
DA:1157,2
DA:1158,2
DA:1159,2
DA:1160,2
DA:1161,2
DA:1162,2
DA:1163,2
DA:1164,2
DA:1165,2
DA:1166,2
DA:1167,2
DA:1168,2
DA:1169,2
DA:1170,2
DA:1171,2
DA:1172,2
DA:1173,2
DA:1174,2
DA:1175,2
DA:1176,2
DA:1177,2
DA:1178,2
DA:1179,2
DA:1180,2
DA:1185,2
DA:1186,2
DA:1187,2
DA:1188,2
DA:1190,2
DA:1191,2
DA:1192,2
DA:1193,2
DA:1199,2
DA:1200,2
DA:1201,2
DA:1202,2
DA:1203,2
DA:1204,2
DA:1205,2
DA:1206,2
DA:1207,2
DA:1208,2
DA:1209,2
DA:1215,2
DA:1216,2
DA:1217,2
DA:1218,2
DA:1219,2
DA:1220,2
DA:1221,2
DA:1222,2
DA:1223,2
DA:1224,2
DA:1225,2
DA:1226,2
DA:1227,2
DA:1228,2
DA:1229,2
DA:1230,2
DA:1231,2
DA:1237,2
DA:1238,2
DA:1239,2
DA:1240,2
DA:1241,2
DA:1242,2
DA:1243,2
DA:1249,2
DA:1250,2
DA:1251,2
DA:1252,2
DA:1253,2
DA:1254,2
DA:1255,2
DA:1257,2
DA:1258,2
DA:1259,2
DA:1260,2
DA:1261,2
DA:1267,2
DA:1268,2
DA:1269,2
DA:1270,2
DA:1271,2
DA:1272,2
DA:1273,2
DA:1274,2
DA:1275,2
DA:1276,2
DA:1277,2
DA:1278,2
DA:1279,2
DA:1280,2
DA:1281,2
DA:1282,2
DA:1283,2
DA:1289,2
DA:1290,2
DA:1291,2
DA:1292,2
DA:1293,2
DA:1294,2
DA:1295,2
DA:1296,2
DA:1297,2
DA:1298,2
DA:1299,2
DA:1300,2
DA:1301,2
DA:1306,2
DA:1307,2
DA:1308,2
DA:1309,2
DA:1310,2
DA:1311,2
DA:1312,2
DA:1313,2
DA:1314,2
DA:1320,2
DA:1321,2
DA:1322,2
DA:1323,2
DA:1324,2
DA:1325,2
DA:1326,2
DA:1327,2
DA:1328,2
DA:1329,2
DA:1330,2
DA:1331,2
DA:1332,2
DA:1338,2
DA:1339,2
DA:1340,2
DA:1341,2
DA:1347,2
DA:1348,2
DA:1349,2
DA:1350,2
DA:1351,2
DA:1352,2
DA:1353,2
DA:1359,2
DA:1360,2
DA:1361,2
DA:1362,2
DA:1363,2
DA:1364,2
DA:1365,2
DA:1366,2
DA:1367,2
DA:1368,2
DA:1369,2
DA:1370,2
DA:1371,2
DA:1372,2
DA:1378,2
DA:1379,2
DA:1380,2
DA:1381,2
DA:1382,2
DA:1383,2
DA:1384,2
DA:1385,2
DA:1391,2
DA:1392,2
DA:1393,2
DA:1394,2
DA:1395,2
DA:1400,2
DA:1401,2
DA:1402,2
DA:1403,2
DA:1404,2
DA:1405,2
DA:1406,2
DA:1407,2
DA:1408,2
DA:1409,2
DA:1410,2
DA:1411,2
DA:1412,2
DA:1413,2
DA:1414,2
DA:1415,2
DA:1421,2
DA:1422,2
DA:1423,2
DA:1424,2
DA:1425,2
DA:1426,2
DA:1427,2
DA:1428,2
DA:1429,2
DA:1430,2
DA:1431,2
DA:1432,2
DA:1433,2
DA:1434,2
DA:1435,2
DA:1436,2
DA:1437,2
DA:1438,2
DA:1439,2
DA:1440,2
DA:1441,2
DA:1442,2
DA:1443,2
DA:1444,2
DA:1445,2
DA:1446,2
DA:1447,2
DA:1448,2
DA:1449,2
DA:1450,2
DA:1451,2
DA:1452,2
DA:1453,2
DA:1454,2
DA:1455,2
DA:1456,2
DA:1457,2
DA:1458,2
DA:1459,2
DA:1460,2
DA:1461,2
DA:1462,2
DA:1463,2
DA:1470,2
DA:1471,2
DA:1472,2
DA:1473,2
DA:1474,2
DA:1475,2
DA:1476,2
DA:1477,2
DA:1478,2
DA:1479,2
DA:1480,2
DA:1481,2
DA:1486,2
DA:1487,2
DA:1488,2
DA:1489,2
DA:1490,2
DA:1491,2
DA:1492,2
DA:1493,2
DA:1494,2
DA:1495,2
DA:1496,2
DA:1497,2
DA:1498,2
DA:1499,2
DA:1500,2
DA:1501,2
DA:1502,2
DA:1503,2
DA:1504,2
DA:1505,2
DA:1506,2
DA:1507,2
DA:1508,2
DA:1509,2
DA:1510,2
DA:1511,2
DA:1512,2
DA:1517,2
DA:1518,2
DA:1519,2
DA:1520,2
DA:1521,2
DA:1522,2
DA:1523,2
DA:1524,2
DA:1525,2
DA:1526,2
DA:1527,2
DA:1528,2
DA:1529,2
DA:1530,2
DA:1531,2
DA:1532,2
DA:1533,2
DA:1539,2
DA:1540,2
DA:1541,2
DA:1542,2
DA:1543,2
DA:1544,2
DA:1545,2
DA:1546,2
DA:1547,2
DA:1548,2
DA:1549,2
DA:1550,2
DA:1551,2
DA:1552,2
DA:1553,2
DA:1554,2
DA:1560,2
DA:1561,2
DA:1562,2
DA:1563,2
DA:1564,2
DA:1565,2
DA:1566,2
DA:1567,2
DA:1568,2
DA:1569,2
DA:1570,2
DA:1571,2
DA:1572,2
DA:1573,2
DA:1574,2
DA:1575,2
DA:1576,2
DA:1577,2
DA:1578,2
DA:1579,2
DA:1580,2
DA:1581,2
DA:1582,2
DA:1583,2
DA:1584,2
DA:1585,2
DA:1586,2
DA:1587,2
DA:1588,2
DA:1589,2
DA:1590,2
DA:1595,2
DA:1596,2
DA:1597,2
DA:1598,2
DA:1599,2
DA:1600,2
DA:1603,2
DA:1604,2
DA:1605,2
DA:1606,2
DA:1607,3
DA:1609,2
DA:1610,2
DA:1611,2
DA:1612,2
DA:1613,2
DA:1616,2
DA:1617,2
DA:1618,2
DA:1619,2
DA:1620,2
DA:1632,1
DA:1634,1
DA:1636,1
DA:1638,2
DA:1639,2
DA:1640,2
DA:1641,2
DA:1651,2
DA:1652,2
DA:1653,2
DA:1654,2
DA:1655,2
DA:1656,2
DA:1657,2
DA:1662,2
DA:1663,2
DA:1664,2
DA:1665,2
DA:1666,2
DA:1669,2
DA:1670,2
DA:1671,2
DA:1672,2
DA:1673,2
DA:1674,2
DA:1675,2
DA:1676,2
DA:1677,2
DA:1678,2
DA:1679,2
DA:1680,2
DA:1681,2
DA:1682,2
DA:1683,2
DA:1684,2
DA:1685,2
DA:1690,2
DA:1691,2
DA:1692,2
DA:1693,2
DA:1694,2
DA:1695,2
DA:1696,2
DA:1697,2
DA:1698,2
DA:1699,2
DA:1700,2
DA:1701,2
DA:1702,2
DA:1703,2
DA:1704,2
DA:1705,2
DA:1706,2
DA:1707,2
DA:1708,2
DA:1709,2
DA:1710,2
DA:1711,2
DA:1712,2
DA:1713,2
DA:1714,2
DA:1715,2
DA:1716,2
DA:1717,2
DA:1722,2
DA:1723,2
DA:1724,2
DA:1725,2
DA:1726,2
DA:1727,2
DA:1728,2
DA:1729,2
DA:1730,2
DA:1731,2
DA:1732,2
DA:1733,2
DA:1734,2
DA:1735,2
DA:1736,2
DA:1737,2
DA:1738,2
DA:1742,2
DA:1743,2
DA:1744,2
DA:1745,2
DA:1746,2
DA:1747,2
DA:1748,2
DA:1749,2
DA:1750,2
DA:1751,2
DA:1752,2
DA:1753,2
DA:1754,2
DA:1755,2
DA:1756,2
DA:1757,2
DA:1758,2
DA:1759,2
DA:1760,2
DA:1761,2
DA:1762,2
DA:1763,2
DA:1764,2
DA:1765,2
DA:1766,2
DA:1767,2
DA:1768,2
DA:1769,2
DA:1770,2
DA:1771,2
DA:1772,2
DA:1773,2
DA:1774,2
DA:1775,2
DA:1776,2
DA:1777,2
DA:1778,2
DA:1779,2
DA:1780,2
DA:1781,2
DA:1782,2
DA:1783,2
DA:1813,2
DA:1814,2
DA:1815,2
DA:1816,2
DA:1817,2
DA:1818,2
DA:1819,2
DA:1820,2
DA:1821,2
DA:1822,2
DA:1823,2
DA:1824,2
DA:1825,2
DA:1826,2
DA:1827,2
DA:1828,2
DA:1829,2
DA:1834,2
DA:1835,2
DA:1836,2
DA:1837,2
DA:1838,2
DA:1858,2
DA:1859,2
DA:1860,2
DA:1861,2
DA:1866,2
DA:1867,2
DA:1868,2
DA:1869,2
DA:1870,2
DA:1875,2
DA:1876,2
DA:1877,2
DA:1878,2
DA:1879,2
DA:1880,2
DA:1881,2
DA:1882,2
DA:1883,2
DA:1884,2
DA:1885,2
DA:1886,2
DA:1904,2
DA:1905,2
DA:1906,2
DA:1907,2
DA:1908,2
DA:1909,2
DA:1910,2
DA:1911,2
DA:1912,2
DA:1913,2
DA:1914,2
DA:1915,2
DA:1916,2
DA:1917,2
DA:1918,2
DA:1919,2
DA:1920,2
DA:1921,2
DA:1922,2
DA:1923,2
DA:1924,2
DA:1925,2
DA:1926,2
DA:1927,2
DA:1928,2
DA:1929,2
DA:1934,2
DA:1935,2
DA:1936,2
DA:1937,2
DA:1938,2
DA:1939,2
DA:1940,2
DA:1945,2
DA:1946,2
DA:1947,2
DA:1948,2
DA:1949,2
DA:1954,2
DA:1955,2
DA:1956,2
DA:1957,2
DA:1958,2
DA:1959,2
DA:1960,2
DA:1961,2
DA:1966,2
DA:1967,2
DA:1968,2
DA:1969,2
DA:1970,2
DA:1971,2
DA:1972,2
DA:1973,2
DA:1974,2
DA:1975,2
DA:1976,2
DA:1977,2
DA:1978,2
DA:1979,2
DA:1980,2
DA:1981,2
DA:1982,2
DA:1983,2
DA:1984,2
DA:1985,2
DA:1986,2
DA:1987,2
DA:1988,2
DA:1989,2
DA:1990,2
DA:1991,2
DA:2036,2
DA:2037,2
DA:2038,2
DA:2039,2
DA:2040,2
DA:2041,2
DA:2042,2
DA:2043,2
DA:2044,2
DA:2049,2
DA:2050,2
DA:2051,2
DA:2052,2
DA:2053,2
DA:2054,2
DA:2055,2
DA:2056,2
DA:2057,2
DA:2058,2
DA:2059,2
DA:2060,2
DA:2061,2
DA:2062,2
DA:2063,2
DA:2067,2
DA:2068,2
DA:2069,2
DA:2070,2
DA:2071,2
DA:2072,2
DA:2073,2
DA:2074,2
DA:2075,2
DA:2076,2
DA:2077,2
DA:2078,2
DA:2083,2
DA:2084,2
DA:2085,2
DA:2086,2
DA:2087,2
DA:2088,2
DA:2089,2
DA:2090,2
DA:2091,2
DA:2092,2
DA:2093,2
DA:2094,2
DA:2095,2
DA:2096,2
DA:2097,2
DA:2098,2
DA:2099,2
DA:2100,2
DA:2101,2
DA:2102,2
DA:2103,2
DA:2104,2
DA:2137,2
DA:2138,2
DA:2139,2
DA:2140,2
DA:2141,2
DA:2142,2
DA:2143,2
DA:2144,2
DA:2145,2
DA:2146,2
DA:2147,2
DA:2148,2
DA:2149,2
DA:2150,2
DA:2151,2
DA:2152,2
DA:2153,2
DA:2154,2
DA:2155,2
DA:2156,2
DA:2157,2
DA:2158,2
DA:2159,2
DA:2160,2
DA:2161,2
DA:2162,2
DA:2163,2
DA:2164,2
DA:2166,2
DA:2167,2
DA:2168,2
DA:2169,2
DA:2170,2
DA:2171,2
DA:2172,2
DA:2173,2
DA:2174,2
DA:2175,2
DA:2176,2
DA:2177,2
DA:2178,2
DA:2179,2
DA:2180,2
DA:2181,2
DA:2182,2
DA:2184,2
DA:2185,2
DA:2186,2
DA:2187,2
DA:2188,2
DA:2189,2
DA:2190,2
DA:2191,2
DA:2193,2
DA:2194,2
DA:2195,2
DA:2196,2
DA:2197,2
DA:2198,2
DA:2199,2
DA:2200,2
DA:2201,2
DA:2202,2
DA:2203,2
DA:2204,2
DA:2205,2
DA:2206,2
DA:2207,2
DA:2208,2
DA:2209,2
DA:2210,2
DA:2211,2
DA:2212,2
DA:2213,2
DA:2214,2
DA:2215,2
DA:2216,2
DA:2217,2
DA:2218,2
DA:2219,2
DA:2220,2
DA:2221,2
DA:2222,2
DA:2223,2
DA:2224,2
DA:2225,2
DA:2226,2
DA:2302,2
DA:2303,2
DA:2304,2
DA:2305,2
DA:2306,2
DA:2307,2
DA:2308,2
DA:2309,2
DA:2340,2
DA:2341,2
DA:2342,2
DA:2343,2
DA:2344,2
DA:2345,2
DA:2346,2
DA:2347,2
DA:2348,2
DA:2349,2
DA:2350,2
DA:2351,2
DA:2352,2
DA:2353,2
DA:2354,2
DA:2355,2
DA:2356,2
DA:2357,2
DA:2358,2
DA:2359,2
DA:2364,2
DA:2365,2
DA:2366,2
DA:2367,2
DA:2368,2
DA:2369,2
DA:2370,2
DA:2371,2
DA:2372,2
DA:2373,2
DA:2374,2
DA:2375,2
DA:2376,2
DA:2377,2
DA:2378,2
DA:2379,2
DA:2380,2
DA:2381,2
DA:2382,2
DA:2383,2
DA:2384,2
DA:2385,2
DA:2386,2
DA:2387,2
DA:2388,2
DA:2389,2
DA:2390,2
DA:2391,2
DA:2396,2
DA:2397,2
DA:2398,2
DA:2399,2
DA:2400,2
DA:2401,2
DA:2402,2
DA:2403,2
DA:2404,2
DA:2405,2
DA:2406,2
DA:2407,2
DA:2408,2
DA:2409,2
DA:2410,2
DA:2411,2
DA:2412,2
DA:2413,2
DA:2414,2
DA:2415,2
DA:2416,2
DA:2417,2
DA:2418,2
DA:2419,2
DA:2420,2
DA:2421,2
DA:2422,2
DA:2423,2
DA:2424,2
DA:2425,2
DA:2426,2
DA:2427,2
DA:2432,2
DA:2433,2
DA:2434,2
DA:2435,2
DA:2436,2
DA:2437,2
DA:2438,2
DA:2439,2
DA:2440,2
DA:2441,2
DA:2442,2
DA:2443,2
DA:2444,2
DA:2445,2
DA:2450,2
DA:2451,2
DA:2452,2
DA:2453,2
DA:2454,2
DA:2455,2
DA:2456,2
DA:2457,2
DA:2458,2
DA:2459,2
DA:2460,2
DA:2461,2
DA:2462,2
DA:2463,2
DA:2464,2
DA:2465,2
DA:2466,2
DA:2467,2
DA:2468,2
DA:2469,2
DA:2470,2
DA:2471,2
DA:2472,2
DA:2473,2
DA:2474,2
DA:2475,2
DA:2476,2
DA:2477,2
DA:2478,2
DA:2483,2
DA:2484,2
DA:2485,2
DA:2486,2
DA:2487,2
DA:2488,2
DA:2489,2
DA:2490,2
DA:2491,2
DA:2492,2
DA:2493,2
DA:2498,2
DA:2499,2
DA:2500,2
DA:2501,2
DA:2502,2
DA:2503,2
DA:2504,2
DA:2505,2
DA:2506,2
DA:2507,2
DA:2508,2
DA:2509,2
DA:2510,2
DA:2517,2
DA:2518,2
DA:2519,2
DA:2520,2
DA:2521,2
DA:2522,2
DA:2523,2
DA:2524,2
DA:2525,2
DA:2526,2
DA:2527,2
DA:2528,2
DA:2529,2
DA:2530,2
DA:2531,2
DA:2532,2
DA:2537,2
DA:2538,2
DA:2539,2
DA:2540,2
DA:2541,2
DA:2542,2
DA:2543,2
DA:2544,2
DA:2545,2
DA:2546,2
DA:2547,2
DA:2548,2
DA:2549,2
DA:2550,2
DA:2557,2
DA:2558,2
DA:2559,2
DA:2560,2
DA:2561,2
DA:2562,2
DA:2563,2
DA:2564,2
DA:2565,2
DA:2566,2
DA:2567,2
DA:2568,2
DA:2569,2
DA:2570,2
DA:2571,2
DA:2572,2
DA:2573,2
DA:2574,2
DA:2575,2
DA:2576,2
DA:2577,2
DA:2578,2
DA:2579,2
DA:2580,2
DA:2581,2
DA:2582,2
DA:2583,2
DA:2588,2
DA:2589,2
DA:2590,2
DA:2591,2
DA:2592,2
DA:2593,2
DA:2594,2
DA:2595,2
DA:2600,2
DA:2601,2
DA:2602,2
DA:2603,2
DA:2604,2
DA:2605,2
DA:2606,2
DA:2607,2
DA:2608,2
DA:2609,2
DA:2610,2
DA:2611,2
DA:2612,2
DA:2613,2
DA:2621,2
DA:2622,2
DA:2623,2
DA:2624,2
DA:2625,2
DA:2626,2
DA:2627,2
DA:2628,2
DA:2629,2
DA:2630,2
DA:2631,2
DA:2632,2
DA:2636,2
DA:2637,2
DA:2638,2
DA:2639,2
DA:2640,2
DA:2641,2
DA:2642,2
DA:2643,2
DA:2644,2
DA:2645,2
DA:2646,2
DA:2647,2
DA:2648,2
DA:2649,2
DA:2872,2
DA:2873,2
DA:2874,2
DA:2875,2
DA:2876,2
DA:2877,2
DA:2878,2
DA:2879,2
DA:2880,2
DA:2881,2
DA:2882,2
DA:2883,2
DA:2884,2
DA:2885,2
DA:2886,2
DA:2887,2
DA:2888,2
DA:2889,2
DA:2890,2
DA:2891,2
DA:2892,2
DA:2893,2
DA:2894,2
DA:2895,2
DA:2896,2
DA:2897,2
DA:2898,2
DA:2899,2
DA:2900,2
DA:2901,2
DA:2902,2
DA:2903,2
DA:2904,2
DA:2909,2
DA:2910,2
DA:2911,2
DA:2912,2
DA:2913,2
DA:2914,2
DA:2915,2
DA:2916,2
DA:2917,2
DA:2918,2
DA:2919,2
DA:2920,2
DA:2921,2
DA:2922,2
DA:2923,2
DA:2924,2
DA:2925,2
DA:2926,2
DA:2927,2
DA:2928,2
DA:2929,2
DA:2930,2
DA:2931,2
DA:2932,2
DA:2933,2
DA:2934,2
DA:2935,2
DA:2936,2
DA:2937,2
DA:2938,2
DA:2939,2
DA:2940,2
DA:2941,2
DA:2942,2
DA:2943,2
DA:2945,1
DA:2950,2
DA:2951,2
DA:2952,2
DA:2953,2
DA:2954,2
DA:2955,2
DA:2956,2
DA:2957,2
DA:2958,2
DA:2963,2
DA:2964,2
DA:2965,2
DA:2966,2
DA:2967,2
DA:2968,2
DA:2969,2
DA:2970,2
DA:2971,2
DA:2972,2
DA:2973,2
DA:2974,2
DA:2975,2
DA:2976,2
DA:2977,2
DA:2978,2
DA:2979,2
DA:2980,2
DA:2981,2
DA:2982,2
DA:2983,2
DA:2984,2
DA:2985,2
DA:2986,2
DA:2987,2
DA:2988,2
DA:2989,2
DA:2990,2
DA:2991,2
DA:2992,2
DA:2993,2
DA:2994,2
DA:2995,2
DA:2996,2
DA:2997,2
DA:2998,2
DA:2999,2
DA:3000,2
DA:3001,2
DA:3002,2
DA:3003,2
DA:3004,2
DA:3008,2
DA:3009,2
DA:3010,2
DA:3011,2
DA:3012,2
DA:3013,2
DA:3014,2
DA:3015,2
DA:3016,2
DA:3017,2
DA:3018,2
DA:3019,2
DA:3090,2
DA:3091,2
DA:3092,2
DA:3093,2
DA:3094,2
DA:3095,2
DA:3096,2
DA:3104,1
DA:3105,1
DA:3106,1
DA:3139,2
DA:3140,2
DA:3141,2
DA:3142,2
DA:3145,2
DA:3146,2
DA:3147,2
DA:3148,2
DA:3149,2
DA:3150,2
DA:3151,2
DA:3152,2
DA:3153,2
DA:3156,2
DA:3157,2
DA:3158,2
DA:3159,2
DA:3160,2
DA:3161,2
DA:3162,2
DA:3163,2
DA:3164,2
DA:3167,2
DA:3168,2
DA:3169,2
DA:3170,2
DA:3171,2
DA:3172,2
DA:3173,2
DA:3174,2
DA:3175,2
DA:3176,2
DA:3177,2
DA:3178,2
DA:3179,2
DA:3180,2
DA:3181,2
DA:3182,2
DA:3183,2
DA:3184,2
DA:3185,2
DA:3186,2
DA:3187,2
DA:3188,2
DA:3189,2
DA:3190,2
DA:3191,2
DA:3192,2
DA:3193,2
DA:3194,2
DA:3195,2
DA:3196,2
DA:3197,2
DA:3198,2
DA:3199,2
DA:3200,2
DA:3201,2
DA:3202,2
DA:3203,2
DA:3204,2
DA:3205,2
DA:3206,2
DA:3207,2
DA:3208,2
DA:3209,2
DA:3210,2
DA:3211,2
DA:3212,2
DA:3213,2
DA:3214,2
DA:3215,2
DA:3216,2
DA:3217,2
DA:3218,2
DA:3219,2
DA:3220,2
DA:3221,2
DA:3224,1
DA:3227,1
DA:3230,2
DA:3231,2
DA:3232,2
DA:3233,2
DA:3235,2
DA:3236,2
DA:3237,2
DA:3238,2
DA:3239,2
DA:3240,2
DA:3241,2
DA:3242,2
DA:3243,2
DA:3244,2
DA:3248,1
DA:3251,1
DA:3254,1
DA:3257,1
DA:3260,1
DA:3263,1
DA:3266,1
DA:3272,1
DA:3277,2
DA:3278,2
DA:3279,2
DA:3280,2
DA:3281,2
DA:3282,2
DA:3283,2
DA:3284,2
DA:3285,2
DA:3286,2
DA:3287,2
DA:3290,2
DA:3291,2
DA:3292,2
DA:3293,2
DA:3294,2
DA:3295,2
DA:3298,2
DA:3299,2
DA:3300,2
DA:3301,2
DA:3302,2
DA:3303,2
DA:3306,2
DA:3307,2
DA:3308,2
DA:3309,2
DA:3310,2
DA:3311,2
DA:3314,2
DA:3315,2
DA:3316,2
DA:3317,2
DA:3318,2
DA:3319,2
DA:3322,2
DA:3323,2
DA:3324,2
DA:3325,2
DA:3326,2
DA:3327,2
DA:3328,2
DA:3329,2
DA:3332,2
DA:3333,2
DA:3334,2
DA:3335,2
DA:3336,2
DA:3337,2
DA:3338,2
DA:3339,2
DA:3753,1
DA:3769,1
DA:3770,1
DA:3771,1
DA:3777,1
DA:3860,2
DA:3861,2
DA:3862,2
DA:3863,2
DA:3864,2
DA:3892,1
DA:3893,1
DA:3894,1
DA:3895,1
DA:3896,1
DA:3897,1
DA:3900,1
DA:3901,1
DA:3902,1
DA:3903,1
DA:3904,1
DA:3905,1
DA:3908,2
DA:3909,2
DA:3910,2
DA:3911,2
DA:3912,2
DA:3913,2
DA:3915,2
DA:3916,2
DA:3917,2
DA:3918,2
DA:3919,2
DA:3920,2
DA:3921,2
DA:3922,2
DA:3923,2
DA:3924,2
DA:3925,2
DA:3926,2
DA:3927,2
DA:3928,2
DA:3929,2
DA:3930,2
DA:3931,2
DA:3932,2
DA:3933,2
DA:3934,2
DA:3935,2
DA:3936,2
DA:3937,2
DA:3938,2
DA:3939,2
DA:3940,2
DA:3941,2
DA:3942,2
DA:3943,2
DA:3944,2
DA:3945,2
DA:3946,2
DA:3947,2
DA:3948,2
DA:3954,3
DA:3955,3
DA:3956,3
DA:3957,3
DA:3958,3
DA:3950,2
DA:3951,2
DA:3952,2
DA:3953,2
DA:3959,2
DA:3960,2
DA:3961,2
DA:3962,2
DA:3963,2
DA:3964,2
DA:3965,2
DA:3966,2
DA:3967,2
DA:3968,2
DA:3969,2
DA:3970,2
DA:3971,2
DA:3972,2
DA:3973,2
DA:3974,2
DA:3975,2
DA:3976,2
DA:3977,2
DA:3978,1
DA:3980,2
DA:3981,2
DA:3982,2
DA:3983,2
DA:3984,2
DA:3985,2
DA:3986,2
DA:3987,2
DA:3988,2
DA:3989,2
DA:3990,2
DA:3991,2
DA:3992,2
DA:3993,2
DA:3995,2
DA:3996,2
DA:3997,2
DA:3998,2
DA:3999,2
DA:4000,2
DA:4001,2
DA:4002,2
DA:4003,2
DA:4004,2
DA:4005,2
DA:4006,2
DA:4007,2
DA:4008,2
DA:4009,2
DA:4010,2
DA:4012,2
DA:4013,2
DA:4014,2
DA:4015,2
DA:4016,2
DA:4017,2
DA:4018,2
DA:4019,2
DA:4020,2
DA:4023,1
DA:4026,1
DA:4029,1
DA:4031,1
DA:4033,1
DA:4036,1
DA:4039,1
DA:4041,2
DA:4042,2
DA:4043,2
DA:4044,2
DA:4046,2
DA:4047,2
DA:4048,2
DA:4049,2
DA:4051,2
DA:4052,2
DA:4053,2
DA:4054,2
DA:4055,2
DA:4057,2
DA:4058,2
DA:4059,2
DA:4060,2
DA:4062,2
DA:4063,2
DA:4064,2
DA:4065,2
DA:4066,2
DA:4067,2
DA:4068,2
DA:4075,3
DA:4076,3
DA:4077,3
DA:4078,3
DA:4079,3
DA:4080,3
DA:4081,3
DA:4082,3
DA:4083,3
DA:4073,2
DA:4074,2
DA:4084,2
DA:4130,1
DA:4133,1
DA:4134,1
DA:4135,1
DA:4136,1
DA:4137,1
DA:4138,1
DA:4140,1
DA:4141,1
DA:4142,1
DA:4143,1
DA:4144,1
DA:4145,1
DA:4147,1
DA:4148,1
DA:4149,1
DA:4150,1
DA:4151,1
DA:4152,1
end_of_record
